[INFO  - 2018-08-16T07:54:55.042Z] GhostDriver - Main - running on port 64202
[INFO  - 2018-08-16T07:54:59.543Z] Session [ac89e750-a129-11e8-9884-cfab7a438409] - page.settings - {"XSSAuditingEnabled":false,"javascriptCanCloseWindows":true,"javascriptCanOpenWindows":true,"javascriptEnabled":true,"loadImages":true,"localToRemoteUrlAccessEnabled":false,"userAgent":"Mozilla/5.0 (Windows NT 6.1; WOW64) AppleWebKit/538.1 (KHTML, like Gecko) PhantomJS/2.1.1 Safari/538.1","webSecurityEnabled":true}
[INFO  - 2018-08-16T07:54:59.544Z] Session [ac89e750-a129-11e8-9884-cfab7a438409] - page.customHeaders:  - {}
[INFO  - 2018-08-16T07:54:59.544Z] Session [ac89e750-a129-11e8-9884-cfab7a438409] - Session.negotiatedCapabilities - {"browserName":"phantomjs","version":"2.1.1","driverName":"ghostdriver","driverVersion":"1.2.0","platform":"windows-7-32bit","javascriptEnabled":true,"takesScreenshot":true,"handlesAlerts":false,"databaseEnabled":false,"locationContextEnabled":false,"applicationCacheEnabled":false,"browserConnectionEnabled":false,"cssSelectorsEnabled":true,"webStorageEnabled":false,"rotatable":false,"acceptSslCerts":false,"nativeEvents":true,"proxy":{"proxyType":"direct"}}
[INFO  - 2018-08-16T07:54:59.544Z] SessionManagerReqHand - _postNewSessionCommand - New Session Created: ac89e750-a129-11e8-9884-cfab7a438409
[ERROR - 2018-08-16T07:55:00.328Z] Session [ac89e750-a129-11e8-9884-cfab7a438409] - page.onError - msg: TypeError: null is not an object (evaluating 'da_ua.match(/Version\/([0-9\.]+)/i)[1]')

  phantomjs://platform/console++.js:263 in error
[ERROR - 2018-08-16T07:55:00.329Z] Session [ac89e750-a129-11e8-9884-cfab7a438409] - page.onError - stack:
  searchBrowserVersion (https://ssl.pstatic.net/tveta/libs/assets/js/pc/main/min/pc.veta.core.min.js?20170421:1)
  init (https://ssl.pstatic.net/tveta/libs/assets/js/pc/main/min/pc.veta.core.min.js?20170421:1)

  phantomjs://platform/console++.js:263 in error
[ERROR - 2018-08-16T07:55:00.341Z] Session [ac89e750-a129-11e8-9884-cfab7a438409] - page.onError - msg: TypeError: null is not an object (evaluating 'da_ua.match(/Version\/([0-9\.]+)/i)[1]')

  phantomjs://platform/console++.js:263 in error
[ERROR - 2018-08-16T07:55:00.342Z] Session [ac89e750-a129-11e8-9884-cfab7a438409] - page.onError - stack:
  searchBrowserVersion (https://ssl.pstatic.net/tveta/libs/assets/js/pc/main/min/pc.veta.core.min.js?20170222:1)
  init (https://ssl.pstatic.net/tveta/libs/assets/js/pc/main/min/pc.veta.core.min.js?20170222:1)

  phantomjs://platform/console++.js:263 in error
[ERROR - 2018-08-16T07:55:00.411Z] Session [ac89e750-a129-11e8-9884-cfab7a438409] - page.onError - msg: TypeError: null is not an object (evaluating 'da_ua.match(/Version\/([0-9\.]+)/i)[1]')

  phantomjs://platform/console++.js:263 in error
[ERROR - 2018-08-16T07:55:00.411Z] Session [ac89e750-a129-11e8-9884-cfab7a438409] - page.onError - stack:
  searchBrowserVersion (https://ssl.pstatic.net/tveta/libs/assets/js/pc/main/min/pc.veta.core.min.js?20180328:1)
  init (https://ssl.pstatic.net/tveta/libs/assets/js/pc/main/min/pc.veta.core.min.js?20180328:1)

  phantomjs://platform/console++.js:263 in error
[ERROR - 2018-08-16T07:55:00.421Z] Session [ac89e750-a129-11e8-9884-cfab7a438409] - page.onError - msg: TypeError: undefined is not a constructor (evaluating 'new Nimp')

  phantomjs://platform/console++.js:263 in error
[ERROR - 2018-08-16T07:55:00.421Z] Session [ac89e750-a129-11e8-9884-cfab7a438409] - page.onError - stack:
  initAd (https://nv.veta.naver.com/fxshow?su=SU10079&nrefreshx=0:25)
  onload (https://nv.veta.naver.com/fxshow?su=SU10079&nrefreshx=0:9)

  phantomjs://platform/console++.js:263 in error
[ERROR - 2018-08-16T07:55:00.649Z] Session [ac89e750-a129-11e8-9884-cfab7a438409] - page.onError - msg: TypeError: undefined is not a constructor (evaluating 'new Nimp')

  phantomjs://platform/console++.js:263 in error
[ERROR - 2018-08-16T07:55:00.649Z] Session [ac89e750-a129-11e8-9884-cfab7a438409] - page.onError - stack:
  initAd (https://nv.veta.naver.com/fxshow?su=SU10078&nrefreshx=0:89)
  lazyLoading (https://nv.veta.naver.com/fxshow?su=SU10078&nrefreshx=0:84)
  onload (https://nv.veta.naver.com/fxshow?su=SU10078&nrefreshx=0:73)

  phantomjs://platform/console++.js:263 in error
[ERROR - 2018-08-16T07:55:00.977Z] Session [ac89e750-a129-11e8-9884-cfab7a438409] - page.onError - msg: TypeError: null is not an object (evaluating 'da_ua.match(/Version\/([0-9\.]+)/i)[1]')

  phantomjs://platform/console++.js:263 in error
[ERROR - 2018-08-16T07:55:00.977Z] Session [ac89e750-a129-11e8-9884-cfab7a438409] - page.onError - stack:
  searchBrowserVersion (https://ssl.pstatic.net/tveta/libs/assets/js/pc/main/min/pc.veta.core.min.js?20180330:1)
  init (https://ssl.pstatic.net/tveta/libs/assets/js/pc/main/min/pc.veta.core.min.js?20180330:1)

  phantomjs://platform/console++.js:263 in error
[ERROR - 2018-08-16T07:55:01.053Z] Session [ac89e750-a129-11e8-9884-cfab7a438409] - page.onError - msg: TypeError: undefined is not a constructor (evaluating 'new NBP_CORP.Nimp()')

  phantomjs://platform/console++.js:263 in error
[ERROR - 2018-08-16T07:55:01.053Z] Session [ac89e750-a129-11e8-9884-cfab7a438409] - page.onError - stack:
  (anonymous function) (undefined:8)

  phantomjs://platform/console++.js:263 in error
